<Class>
    <Id>287</Id>
    <Package>edu.ncsu.csc.itrust.testutils</Package>
    <ClassName>JUnitiTrustUtils</ClassName>
    <SuperClass>iTrustHTTPTest</SuperClass>
    <SuperInterfaceList>
        <SuperInterface></SuperInterface>
    </SuperInterfaceList>
    <ClassComment></ClassComment>
    <FieldList/>
    <MethodList>
        <Method>
            <MethodName>assertTransactionOnly</MethodName>
            <MethodComment></MethodComment>
            <ReturnType>void</ReturnType>
            <ParameterList>
                <ParameterType>TransactionType transType</ParameterType>
                <ParameterType>long loggedInMID</ParameterType>
                <ParameterType>long secondaryMID</ParameterType>
                <ParameterType>String addedInfo</ParameterType>
            </ParameterList>
            <InnerVarList>
                <InnerVar>List&lt;TransactionBean&gt; [transList=TestDAOFactory.getTestInstance().getTransactionDAO().getAllTransactions()]</InnerVar>
            </InnerVarList>
            <InnerMethodInvokeList>
                <InnerMethodInvoke>null;assertEquals;["Only one transaction should have been logged", 1, transList.size()]</InnerMethodInvoke>
                <InnerMethodInvoke>null;assertTransaction;[transType, loggedInMID, secondaryMID, addedInfo, transList.get(0)]</InnerMethodInvoke>
            </InnerMethodInvokeList>
            <ThrowExceptionList>
                <ExceptionType>DBException</ExceptionType>
            </ThrowExceptionList>
        </Method>
        <Method>
            <MethodName>assertLogged</MethodName>
            <MethodComment></MethodComment>
            <ReturnType>void</ReturnType>
            <ParameterList>
                <ParameterType>TransactionType code</ParameterType>
                <ParameterType>long loggedInMID</ParameterType>
                <ParameterType>long secondaryMID</ParameterType>
                <ParameterType>String addedInfo</ParameterType>
            </ParameterList>
            <InnerVarList>
                <InnerVar>List&lt;TransactionBean&gt; [transList=TestDAOFactory.getTestInstance().getTransactionDAO().getAllTransactions()]</InnerVar>
                <InnerVar>TransactionBean [lastRecordedAction=transList.get(0)]</InnerVar>
            </InnerVarList>
            <InnerMethodInvokeList>
                <InnerMethodInvoke>null;assertTrue;[lastRecordedAction.getTransactionType() == code]</InnerMethodInvoke>
                <InnerMethodInvoke>null;assertTrue;[lastRecordedAction.getLoggedInMID() == loggedInMID]</InnerMethodInvoke>
                <InnerMethodInvoke>null;assertTrue;[lastRecordedAction.getSecondaryMID() == secondaryMID]</InnerMethodInvoke>
                <InnerMethodInvoke>null;assertTrue;[lastRecordedAction.getAddedInfo().equals(addedInfo)]</InnerMethodInvoke>
            </InnerMethodInvokeList>
            <ThrowExceptionList>
                <ExceptionType>DBException</ExceptionType>
            </ThrowExceptionList>
        </Method>
        <Method>
            <MethodName>assertTransactionsNone</MethodName>
            <MethodComment></MethodComment>
            <ReturnType>void</ReturnType>
            <ParameterList>
                <ParameterType></ParameterType>
            </ParameterList>
            <InnerVarList>
                <InnerVar></InnerVar>
            </InnerVarList>
            <InnerMethodInvokeList>
                <InnerMethodInvoke>null;assertEquals;["No transactions should have been logged", 0, TestDAOFactory.getTestInstance().getTransactionDAO().getAllTransactions().size()]</InnerMethodInvoke>
            </InnerMethodInvokeList>
            <ThrowExceptionList>
                <ExceptionType>DBException</ExceptionType>
            </ThrowExceptionList>
        </Method>
        <Method>
            <MethodName>assertTransaction</MethodName>
            <MethodComment></MethodComment>
            <ReturnType>void</ReturnType>
            <ParameterList>
                <ParameterType>TransactionType transType</ParameterType>
                <ParameterType>long loggedInMID</ParameterType>
                <ParameterType>long secondaryMID</ParameterType>
                <ParameterType>String addedInfo</ParameterType>
                <ParameterType>TransactionBean trans</ParameterType>
            </ParameterList>
            <InnerVarList>
                <InnerVar></InnerVar>
            </InnerVarList>
            <InnerMethodInvokeList>
                <InnerMethodInvoke>null;assertEquals;[transType, trans.getTransactionType()]</InnerMethodInvoke>
                <InnerMethodInvoke>null;assertEquals;[loggedInMID, trans.getLoggedInMID()]</InnerMethodInvoke>
                <InnerMethodInvoke>null;assertEquals;[secondaryMID, trans.getSecondaryMID()]</InnerMethodInvoke>
                <InnerMethodInvoke>null;assertEquals;[addedInfo, trans.getAddedInfo()]</InnerMethodInvoke>
            </InnerMethodInvokeList>
            <ThrowExceptionList>
                <ExceptionType></ExceptionType>
            </ThrowExceptionList>
        </Method>
    </MethodList>
</Class>