<Class>
    <Id>867</Id>
    <Package>org.codehaus.groovy.vmplugin.v5</Package>
    <ClassName>JUnit4Utils</ClassName>
    <SuperClass></SuperClass>
    <SuperInterfaceList>
        <SuperInterface></SuperInterface>
    </SuperInterfaceList>
    <ClassComment>JUnit4Utils  /** 
 * Java 5 code for working with JUnit 4 tests.
 * @author Paul King
 */
</ClassComment>
    <FieldList/>
    <MethodList>
        <Method>
            <MethodName>realIsJUnit4Test</MethodName>
            <MethodComment>/** 
 * Utility method to check via reflection if the parsed class appears to be a JUnit4 test.
 * @param scriptClass the class we want to check
 * @param loader the GroovyClassLoader to use to find classes
 * @return true if the class appears to be a test
 */
</MethodComment>
            <ReturnType>Boolean</ReturnType>
            <ParameterList>
                <Parameter>
                    <ParamName>scriptClass</ParamName>
                    <ParamType>Class</ParamType>
                </Parameter>
                <Parameter>
                    <ParamName>loader</ParamName>
                    <ParamType>GroovyClassLoader</ParamType>
                </Parameter>
            </ParameterList>
            <InnerVarList>
                <InnerVar>boolean [isTest=false]</InnerVar>
            </InnerVarList>
            <InnerMethodInvokeList>
                <InnerMethodInvoke></InnerMethodInvoke>
            </InnerMethodInvokeList>
            <ThrowExceptionList>
                <ExceptionType></ExceptionType>
            </ThrowExceptionList>
        </Method>
        <Method>
            <MethodName>realRunJUnit4Test</MethodName>
            <MethodComment>/** 
 * Utility method to run a JUnit4 test.
 * @param scriptClass the class we want to run as a test
 * @return the result of running the test
 */
</MethodComment>
            <ReturnType>Object</ReturnType>
            <ParameterList>
                <Parameter>
                    <ParamName>scriptClass</ParamName>
                    <ParamType>Class</ParamType>
                </Parameter>
                <Parameter>
                    <ParamName>loader</ParamName>
                    <ParamType>GroovyClassLoader</ParamType>
                </Parameter>
            </ParameterList>
            <InnerVarList>
                <InnerVar></InnerVar>
            </InnerVarList>
            <InnerMethodInvokeList>
                <InnerMethodInvoke></InnerMethodInvoke>
            </InnerMethodInvokeList>
            <ThrowExceptionList>
                <ExceptionType></ExceptionType>
            </ThrowExceptionList>
        </Method>
    </MethodList>
</Class>